<?xml version="1.0" encoding="UTF-8"?>
<testng-results ignored="0" total="1" passed="1" failed="0" skipped="0">
  <reporter-output>
  </reporter-output>
  <suite started-at="2022-04-29T16:26:34 IST" name="Default suite" finished-at="2022-04-29T16:28:31 IST" duration-ms="117090">
    <groups>
    </groups>
    <test started-at="2022-04-29T16:26:34 IST" name="Default test" finished-at="2022-04-29T16:28:31 IST" duration-ms="117090">
      <class name="com.seleniumide.Sikuliwithselenium">
        <test-method signature="demo()[pri:0, instance:com.seleniumide.Sikuliwithselenium@932bc4a]" started-at="2022-04-29T16:26:34 IST" name="demo" finished-at="2022-04-29T16:28:31 IST" duration-ms="117037" status="PASS">
          <reporter-output>
          </reporter-output>
        </test-method> <!-- demo -->
      </class> <!-- com.seleniumide.Sikuliwithselenium -->
    </test> <!-- Default test -->
  </suite> <!-- Default suite -->
</testng-results>
